<Control> - aranya is attempting to login
<Control> - aranya has FAILED login.
<Control> - aranya is attempting to login
<Control> - aranya has sucessfully logged in.
<Control> - aranya has entered Galac-Trans-Hub
<Control> - aranya has left the game.
<Control> - aranya is attempting to login
<Control> - aranya has sucessfully logged in.
<Control> - aranya is attempting to login
<Control> - aranya has sucessfully logged in.
<Control> - aranya has entered Galac-Trans-Hub
<ERROR> aranya cannot access who file
<Control> - aranya has left the game.
<Control> - aranya is attempting to login
<Control> - aranya has sucessfully logged in.
<Control> - aranya has entered Galac-Trans-Hub
<ERROR> aranya cannot access chat file of null
<Control> - aranya is attempting to login
<Control> - aranya has sucessfully logged in.
<Control> - aranya has entered Galac-Trans-Hub
<Control> - aranya has left the game.
<Control> - aranya is attempting to login
<Control> - aranya has sucessfully logged in.
<Control> - aranya has entered Galac-Trans-Hub
<ERROR> aranya cannot access their chat file
<Control> - aranya has entered Galac-Trans-Hub
<ERROR> aranya cannot access their chat file
<Control> - aranya has entered Galac-Trans-Hub
<ERROR> aranya cannot access their chat file
<Control> - aranya is attempting to login
<Control> - aranya has sucessfully logged in.
<Control> - aranya has entered Galac-Trans-Hub
<ERROR> aranya cannot access their chat file
<Control> - aranya is attempting to login
<Control> - aranya has sucessfully logged in.
<Control> - aranya has entered Galac-Trans-Hub
<Control> - aranya has entered Galac-Trans-Hub
<Control> - aranya has entered Galac-Trans-Hub
<Control> - aranya has entered Galac-Trans-Hub
<Control> - aranya has entered Galac-Trans-Hub
<Control> - aranya has entered Galac-Trans-Hub
<Control> - aranya has left the game.
<Control> - aranya is attempting to login
<Control> - aranya has sucessfully logged in.
<Control> - aranya has entered Galac-Trans-Hub
<Control> - aranya is attempting to login
<Control> - aranya has sucessfully logged in.
<Control> - aranya has entered Galac-Trans-Hub
<Control> - aranya is attempting to login
<Control> - aranya has sucessfully logged in.
<Control> - aranya has entered Galac-Trans-Hub
<Control> - aranya is attempting to login
<Control> - aranya has sucessfully logged in.
<Control> - aranya has entered Galac-Trans-Hub
<Control> - aranya has entered Galac-Trans-Hub
<Control> - aranya has entered Galac-Trans-Hub
<Control> - aranya has entered Galac-Trans-Hub
<Control> - aranya has entered Galac-Trans-Hub
<Control> - aranya has entered Galac-Trans-Hub
<Control> - aranya has entered Galac-Trans-Hub
<Control> - aranya has entered Galac-Trans-Hub
<Control> - aranya has entered Galac-Trans-Hub
<Control> - aranya has entered Galac-Trans-Hub
<Control> - aranya is attempting to login
<Control> - aranya has sucessfully logged in.
<Control> - aranya has entered Galac-Trans-Hub
<Control> - aranya has left the game.
<Control> - aranya is attempting to login
<Control> - aranya has sucessfully logged in.
<Control> - aranya has entered Galac-Trans-Hub
<Control> - aranya has entered Galac-Trans-Hub
<Control> - aranya has entered Galac-Trans-Hub
<Control> - aranya has entered Galac-Trans-Hub
<Control> - aranya has entered Galac-Trans-Hub
<Control> - aranya has entered Galac-Trans-Hub
<Control> - aranya has entered Galac-Trans-Hub
<Control> - aranya has entered Galac-Trans-Hub
<Control> - aranya has entered Galac-Trans-Hub
<Control> - aranya has entered Galac-Trans-Hub
<Control> - aranya has entered Galac-Trans-Hub
<Control> - aranya has entered Galac-Tickets
<Control> - aranya has entered Galac-Trans-Hub
<Control> - aranya has entered none
<ERROR> aranya is located in a room which doesn't exist!
<Control> - aranya has entered North-Hub
<Control> - aranya has entered Galac-Trans-Hub
<Control> - aranya has entered none
<ERROR> aranya is located in a room which doesn't exist!
<Control> - aranya has entered North-Hub
<Control> - aranya has entered Galac-Trans-Hub
<Control> - aranya has entered none
<ERROR> aranya is located in a room which doesn't exist!
<Control> - aranya has entered North-Hub
<Control> - aranya has entered Galac-Trans-Hub
<Control> - aranya is attempting to login
<Control> - aranya has sucessfully logged in.
<Control> - aranya has entered Galac-Trans-Hub
<Control> - aranya is attempting to login
<Control> - aranya has sucessfully logged in.
<Control> - aranya has entered Galac-Trans-Hub
<Control> - aranya has entered Galac-Tickets
<Control> - aranya has entered Galac-Trans-Hub
<Control> - aranya is attempting to login
<Control> - aranya has sucessfully logged in.
<Control> - aranya has entered Galac-Trans-Hub
<Control> - aranya has entered Galac-Trans-Hub
<Control> - aranya is attempting to login
<Control> - aranya has FAILED login.
<Control> - aranya is attempting to login
<Control> - aranya has sucessfully logged in.
<Control> - aranya has entered Galac-Trans-Hub
<Control> - aranya has entered North-Hub
<Control> - aranya has entered Galac-Trans-Hub
<Control> - aranya is attempting to login
<Control> - aranya has sucessfully logged in.
<Control> - aranya has entered Galac-Trans-Hub
<Control> - aranya has left the game.
