<Control> - aranya is attempting to login
<Control> - aranya has sucessfully logged in.
<Control> - aranya has entered Wall/MainStreet3
<Control> - aranya has entered Wall/MainStreet2
<Control> - aranya has entered Wall/MainStreet
<Control> - aranya has entered Wall/path4
<Control> - aranya has entered Wall/path3
<Control> - aranya has entered Wall/path2
<Control> - aranya has entered Wall/yard
<Control> - aranya has left the game.
<Control> - aranya is attempting to login
<Control> - aranya has sucessfully logged in.
<Control> - aranya has entered Wall/yard
<Control> - aranya has entered Wall/path2
<Control> - aranya has entered Wall/path3
<Control> - aranya has entered Wall/path4
<Control> - aranya has entered Wall/path5
<Control> - aranya has entered Wall/path4
<Control> - aranya has entered Wall/MainStreet
<Control> - aranya is attempting to login
<Control> - aranya has sucessfully logged in.
<Control> - aranya has entered Wall/MainStreet
<Control> - aranya has entered Wall/path4
<Control> - aranya has entered Wall/path3
<Control> - aranya has entered Wall/path2
<Control> - aranya has entered Wall/yard
<Control> - aranya has entered Wall/barn
<Control> - aranya has entered Wall/loft
<Control> - aranya has entered Wall/barn
<Control> - aranya is attempting to login
<Control> - aranya has sucessfully logged in.
<Control> - aranya has entered Wall/barn
<Control> - aranya has entered Wall/loft
<Control> - aranya is attempting to login
<Control> - aranya has sucessfully logged in.
<Control> - aranya has entered Wall/loft
<Control> - aranya has entered Wall/barn
<Control> - aranya has entered Wall/yard
<Control> - aranya has entered Wall/field4
<Control> - aranya has entered Wall/field3
<Control> - aranya is attempting to login
<Control> - aranya has sucessfully logged in.
<Control> - aranya has entered Wall/field3
<Control> - aranya is attempting to login
<Control> - aranya has FAILED login.
<Control> - aranya is attempting to login
<Control> - aranya has sucessfully logged in.
<Control> - aranya has entered Wall/field3
<Control> - aranya is attempting to login
<Control> - aranya has sucessfully logged in.
<Control> - aranya has entered Wall/field3
<Control> - aranya has entered Wall/field2
<Control> - aranya has entered Wall/field3
<Control> - aranya has entered Wall/field2
<Control> - aranya has entered Wall/field3
<Control> - aranya has entered Wall/field4
<Control> - aranya has entered Wall/field3
<Control> - aranya has entered Wall/field4
<Control> - aranya has entered Wall/field3
<Control> - aranya has entered Wall/field2
<Control> - aranya has entered Wall/field3
<Control> - aranya has entered Wall/field4
<Control> - aranya is attempting to login
<Control> - aranya has sucessfully logged in.
<Control> - aranya has entered Wall/field4
<Control> - aranya has entered Wall/field3
<Control> - aranya is attempting to login
<Control> - aranya has sucessfully logged in.
<Control> - aranya has entered Wall/field3
<Control> - aranya has entered Wall/field2
<Control> - aranya has entered Wall/field3
<Control> - aranya is attempting to login
<Control> - aranya has sucessfully logged in.
<Control> - aranya has entered Wall/field3
<Control> - aranya has entered Wall/field2
<Control> - aranya has entered Wall/field3
<Control> - aranya is attempting to login
<Control> - aranya has sucessfully logged in.
<Control> - aranya has entered Wall/field3
<Control> - aranya has entered Wall/field4
<Control> - aranya has entered Wall/field3
<Control> - aranya has entered Wall/field2
<Control> - aranya has entered Wall/field
<Control> - aranya has entered Wall/path4
<Control> - aranya has entered Wall/path5
<Control> - aranya has entered Wall/path4
<Control> - aranya has entered Wall/path5
<Control> - aranya has entered Wall/path4
<Control> - aranya has entered Wall/path5
<Control> - aranya has entered Wall/path4
<Control> - aranya has entered Wall/path5
<Control> - aranya has entered Wall/path6
<Control> - aranya has entered Wall/path5
<Control> - aranya has entered Wall/path4
<Control> - aranya has entered Wall/path3
<Control> - aranya has entered Wall/path2
<Control> - aranya has entered Wall/path
<Control> - aranya has entered Wall/path2
<Control> - aranya has entered Wall/yard
<Control> - aranya has entered Wall/field4
<Control> - aranya has entered Wall/field3
<Control> - aranya has entered Wall/field2
<Control> - aranya has entered Wall/field
<Control> - aranya has entered Wall/path4
<Control> - aranya has entered Wall/MainStreet
<Control> - aranya has entered Wall/MainStreet2
<Control> - aranya has entered Wall/MainStreet3
<Control> - aranya has entered Wall/WallCentre
<Control> - aranya has entered Wall/MainStreet3
<Control> - aranya is attempting to login
<Control> - aranya has sucessfully logged in.
<Control> - aranya has entered Wall/MainStreet3
<Control> - aranya has entered Wall/MainStreet2
<Control> - aranya has entered Wall/MainStreet
<Control> - aranya has entered Wall/path4
<Control> - aranya has entered Wall/field
<Control> - aranya has entered Wall/field2
<Control> - aranya has entered Wall/field3
<Control> - aranya is attempting to login
<Control> - aranya has sucessfully logged in.
<Control> - aranya has entered Wall/field3
<Control> - aranya has entered Wall/field2
<Control> - aranya has entered Wall/field3
<Control> - aranya is attempting to login
<Control> - aranya has sucessfully logged in.
<Control> - aranya has entered Wall/field3
<Control> - aranya has entered Wall/field2
<Control> - aranya has entered Wall/field3
<Control> - aranya has entered Wall/field2
<Control> - aranya has entered Wall/field
<Control> - aranya has entered Wall/field2
<Control> - aranya has left the game.
<Control> - aranya is attempting to login
<Control> - aranya has sucessfully logged in.
<Control> - aranya is attempting to login
<Control> - aranya has sucessfully logged in.
<Control> - aranya is attempting to login
<Control> - aranya has sucessfully logged in.
<Control> - aranya is attempting to login
<Control> - aranya has sucessfully logged in.
<Control> - aranya is attempting to login
<Control> - aranya has sucessfully logged in.
<Control> - aranya is attempting to login
<Control> - aranya has FAILED login.
<Control> - aranya is attempting to login
<Control> - aranya has sucessfully logged in.
<Control> - aranya is attempting to login
<Control> - aranya has sucessfully logged in.
<Control> - aranya is attempting to login
<Control> - aranya has sucessfully logged in.
<Control> - aranya is attempting to login
<Control> - aranya has sucessfully logged in.
<Control> - aranya is attempting to login
<Control> - aranya has sucessfully logged in.
<Control> - aranya has entered Wall/field2
<Control> - aranya has entered Wall/field3
<Control> - aranya is attempting to login
<Control> - aranya has sucessfully logged in.
<Control> - aranya has entered Wall/field3
<Control> - aranya has entered Wall/field2
<Control> - aranya has entered Wall/field3
<Control> - aranya is attempting to login
<Control> - aranya has sucessfully logged in.
<Control> - aranya has entered Wall/field3
<Control> - aranya has entered Wall/field2
<Control> - aranya has entered Wall/field3
<Control> - aranya is attempting to login
<Control> - aranya has sucessfully logged in.
<Control> - aranya has entered Wall/field3
<Control> - aranya has entered Wall/field2
<Control> - aranya has entered Wall/field3
<Control> - aranya is attempting to login
<Control> - aranya has sucessfully logged in.
<Control> - aranya has entered Wall/field3
<Control> - aranya has entered Wall/field2
<Control> - aranya has entered Wall/field3
<Control> - aranya is attempting to login
<Control> - aranya has sucessfully logged in.
<Control> - aranya is attempting to login
<Control> - aranya has sucessfully logged in.
<Control> - aranya is attempting to login
<Control> - aranya has sucessfully logged in.
<Control> - aranya is attempting to login
<Control> - aranya has sucessfully logged in.
<Control> - aranya is attempting to login
<Control> - aranya has FAILED login.
<Control> - aranya is attempting to login
<Control> - aranya has sucessfully logged in.
<Control> - aranya is attempting to login
<Control> - aranya has sucessfully logged in.
<Control> - aranya is attempting to login
<Control> - aranya has sucessfully logged in.
<Control> - aranya is attempting to login
<Control> - aranya has sucessfully logged in.
<Control> - aranya is attempting to login
<Control> - aranya has sucessfully logged in.
<Control> - aranya is attempting to login
<Control> - aranya has sucessfully logged in.
<Control> - aranya is attempting to login
<Control> - aranya has sucessfully logged in.
<Control> - aranya is attempting to login
<Control> - aranya has sucessfully logged in.
<Control> - aranya is attempting to login
<Control> - aranya has sucessfully logged in.
<Control> - aranya has left the game.
<Control> - aranya is attempting to login
<Control> - aranya has sucessfully logged in.
<Control> - aranya is attempting to login
<Control> - aranya has sucessfully logged in.
<Control> - aranya is attempting to login
<Control> - aranya has sucessfully logged in.
<Control> - aranya is attempting to login
<Control> - aranya has sucessfully logged in.
<Control> - aranya is attempting to login
<Control> - aranya has sucessfully logged in.
<Control> - aranya is attempting to login
<Control> - aranya has sucessfully logged in.
<Control> - aranya is attempting to login
<Control> - aranya has sucessfully logged in.
<Control> - aranya is attempting to login
<Control> - aranya has sucessfully logged in.
<Control> - aranya is attempting to login
<Control> - aranya has sucessfully logged in.
<Control> - aranya is attempting to login
<Control> - aranya has sucessfully logged in.
<Control> - aranya is attempting to login
<Control> - aranya has sucessfully logged in.
<Control> - aranya is attempting to login
<Control> - aranya has sucessfully logged in.
<Control> - aranya is attempting to login
<Control> - aranya has sucessfully logged in.
<Control> - aranya is attempting to login
<Control> - aranya has sucessfully logged in.
<Control> - aranya is attempting to login
<Control> - aranya has sucessfully logged in.
